Handbrake Version: 1.3.1 (2020032300)

(ghb:31604): Gtk-WARNING **: 21:01:16.808: Calling org.xfce.Session.Manager.Inhibit failed: GDBus.Error:org.freedesktop.DBus.Error.UnknownMethod: No such method “Inhibit”
[21:01:16] gtkgui: Preset: /General/Fast 480p30
[21:01:16] Starting work at: Sun May 24 21:01:16 2020

[21:01:16] 1 job(s) to process
[21:01:16] json job:
{
    "Audio": {
        "AudioList": [
            {
                "Bitrate": 160,
                "CompressionLevel": -1.0,
                "DRC": 0.0,
                "DitherMethod": "auto",
                "Encoder": "av_aac",
                "Gain": 0.0,
                "Mixdown": "stereo",
                "NormalizeMixLevel": false,
                "PresetEncoder": "av_aac",
                "Quality": -3.0,
                "Samplerate": 0,
                "Track": 0
            }
        ],
        "CopyMask": [
            "copy:aac"
        ],
        "FallbackEncoder": "av_aac"
    },
    "Destination": {
        "AlignAVStart": true,
        "ChapterList": [
            {
                "Duration": {
                    "Hours": 0,
                    "Minutes": 25,
                    "Seconds": 40,
                    "Ticks": 138686400
                },
                "Name": ""
            }
        ],
        "ChapterMarkers": false,
        "File": "/home/ale/Vídeos/[ReinForce] Shingeki no Kyojin - 01 (BDRip 1920x1080 x264 FLAC).m4v",
        "InlineParameterSets": false,
        "Mp4Options": {
            "IpodAtom": false,
            "Mp4Optimize": false
        },
        "Mux": "m4v"
    },
    "Filters": {
        "FilterList": [
            {
                "ID": 3,
                "Settings": {
                    "block-height": "16",
                    "block-thresh": "40",
                    "block-width": "16",
                    "filter-mode": "2",
                    "mode": "3",
                    "motion-thresh": "1",
                    "spatial-metric": "2",
                    "spatial-thresh": "1"
                }
            },
            {
                "ID": 4,
                "Settings": {
                    "mode": "7"
                }
            },
            {
                "ID": 6,
                "Settings": {
                    "mode": 2,
                    "rate": "27000000/900000"
                }
            },
            {
                "ID": 12,
                "Settings": {
                    "crop-bottom": 0,
                    "crop-left": 0,
                    "crop-right": 0,
                    "crop-top": 0,
                    "height": 480,
                    "width": 720
                }
            }
        ]
    },
    "Metadata": {
        "Name": "[ReinForce] Shingeki no Kyojin - 01 (BDRip 1920x1080 x264 FLAC)"
    },
    "PAR": {
        "Den": 27,
        "Num": 32
    },
    "SequenceID": 0,
    "Source": {
        "Angle": 0,
        "Path": "/media/ale/Media/[ReinForce] Shingeki no Kyojin (BDRip 1920x1080 x264 FLAC)/[ReinForce] Shingeki no Kyojin - 01 (BDRip 1920x1080 x264 FLAC).mkv",
        "Range": {
            "End": 1,
            "Start": 1,
            "Type": "chapter"
        },
        "Title": 1
    },
    "Subtitle": {
        "Search": {
            "Burn": true,
            "Default": false,
            "Enable": false,
            "Forced": false
        },
        "SubtitleList": [
            {
                "Burn": false,
                "Default": false,
                "Forced": false,
                "Import": {
                    "Codeset": "UTF-8",
                    "Filename": "/media/ale/Media/[ReinForce] Shingeki no Kyojin (BDRip 1920x1080 x264 FLAC)/[ReinForce] Shingeki no Kyojin - 01 (BDRip 1920x1080 x264 FLAC).ass",
                    "Format": "SRT",
                    "Language": "und"
                },
                "Offset": 0,
                "Track": 0
            }
        ]
    },
    "Video": {
        "ColorFormat": 0,
        "ColorMatrix": 1,
        "ColorPrimaries": 1,
        "ColorRange": 0,
        "ColorTransfer": 1,
        "Encoder": "x264",
        "Level": "3.1",
        "Options": "",
        "Preset": "fast",
        "Profile": "main",
        "QSV": {
            "AsyncDepth": 4,
            "Decode": false
        },
        "Quality": 20.0,
        "Tune": "",
        "Turbo": false,
        "TwoPass": false
    }
}
[21:01:16] CPU: Intel(R) Core(TM) i3-6100 CPU @ 3.70GHz
[21:01:16]  - Intel microarchitecture Skylake
[21:01:16]  - logical processor count: 4
[21:01:16] hb_scan: path=/media/ale/Media/[ReinForce] Shingeki no Kyojin (BDRip 1920x1080 x264 FLAC)/[ReinForce] Shingeki no Kyojin - 01 (BDRip 1920x1080 x264 FLAC).mkv, title_index=1
udfread ERROR: ECMA 167 Volume Recognition failed
disc.c:323: failed opening UDF image /media/ale/Media/[ReinForce] Shingeki no Kyojin (BDRip 1920x1080 x264 FLAC)/[ReinForce] Shingeki no Kyojin - 01 (BDRip 1920x1080 x264 FLAC).mkv
disc.c:424: error opening file BDMV/index.bdmv
disc.c:424: error opening file BDMV/BACKUP/index.bdmv
bluray.c:2585: nav_get_title_list(/media/ale/Media/[ReinForce] Shingeki no Kyojin (BDRip 1920x1080 x264 FLAC)/[ReinForce] Shingeki no Kyojin - 01 (BDRip 1920x1080 x264 FLAC).mkv/) failed
[21:01:16] bd: not a bd - trying as a stream/file instead
libdvdnav: Using dvdnav version 6.0.1
libdvdread: Encrypted DVD support unavailable.
************************************************
**                                            **
**  No css library available. See             **
**  /usr/share/doc/libdvdread4/README.css     **
**  for more information.                     **
**                                            **
************************************************
libdvdread:DVDOpenFileUDF:UDFFindFile /VIDEO_TS/VIDEO_TS.IFO failed
libdvdread:DVDOpenFileUDF:UDFFindFile /VIDEO_TS/VIDEO_TS.BUP failed
libdvdread: Can't open file VIDEO_TS.IFO.
libdvdnav: vm: failed to read VIDEO_TS.IFO
[21:01:16] dvd: not a dvd - trying as a stream/file instead
Input #0, matroska,webm, from '/media/ale/Media/[ReinForce] Shingeki no Kyojin (BDRip 1920x1080 x264 FLAC)/[ReinForce] Shingeki no Kyojin - 01 (BDRip 1920x1080 x264 FLAC).mkv':
  Metadata:
    title           : [ReinForce] Shingeki no Kyojin - 01 (BDRip 1920x1080 x264 FLAC)
    encoder         : libebml v1.2.2 + libmatroska v1.3.0
    creation_time   : 2013-07-26T18:28:11.000000Z
  Duration: 00:25:40.96, start: 0.000000, bitrate: 12309 kb/s
    Stream #0:0: Video: h264 (High), yuv420p(progressive), 1920x1080 [SAR 1:1 DAR 16:9], 23.98 fps, 23.98 tbr, 1k tbn, 47.95 tbc (default)
    Stream #0:1(jpn): Audio: flac, 48000 Hz, stereo, s16 (default)
[21:01:16] scan: decoding previews for title 1
[21:01:16] scan: audio 0x1: flac, rate=48000Hz, bitrate=1 日本語 (FLAC) (2.0 ch)
[21:01:19] scan: 10 previews, 1920x1080, 23.976 fps, autocrop = 0/0/0/0, aspect 16:9, PAR 1:1
[21:01:19] libhb: scan thread found 1 valid title(s)
[21:01:19] Starting Task: Encoding Pass
[21:01:19] job configuration:
[21:01:19]  * source
[21:01:19]    + /media/ale/Media/[ReinForce] Shingeki no Kyojin (BDRip 1920x1080 x264 FLAC)/[ReinForce] Shingeki no Kyojin - 01 (BDRip 1920x1080 x264 FLAC).mkv
[21:01:19]    + title 1, chapter(s) 1 to 1
[21:01:19]    + container: matroska,webm
[21:01:19]    + data rate: 12309 kbps
[21:01:19]  * destination
[21:01:19]    + /home/ale/Vídeos/[ReinForce] Shingeki no Kyojin - 01 (BDRip 1920x1080 x264 FLAC).m4v
[21:01:19]    + container: MPEG-4 (libavformat)
[21:01:19]      + align initial A/V stream timestamps
[21:01:19]  * video track
[21:01:19]    + decoder: h264
[21:01:19]    + filters
[21:01:19]      + Comb Detect (mode=3:spatial-metric=2:motion-thresh=1:spatial-thresh=1:filter-mode=2:block-thresh=40:block-width=16:block-height=16)
[21:01:19]      + Decomb (mode=39)
[21:01:19]      + Framerate Shaper (mode=2:rate=27000000/900000)
[21:01:19]        + frame rate: 23.976 fps -> peak rate limited to 30.000 fps
[21:01:19]      + Crop and Scale (width=720:height=480:crop-top=0:crop-bottom=0:crop-left=0:crop-right=0)
[21:01:19]        + source: 1920 * 1080, crop (0/0/0/0): 1920 * 1080, scale: 720 * 480
[21:01:19]    + Output geometry
[21:01:19]      + storage dimensions: 720 x 480
[21:01:19]      + pixel aspect ratio: 32 : 27
[21:01:19]      + display dimensions: 853 x 480
[21:01:19]    + encoder: H.264 (libx264)
[21:01:19]      + preset:  fast
[21:01:19]      + profile: main
[21:01:19]      + level:   3.1
[21:01:19]      + quality: 20.00 (RF)
[21:01:19]      + color profile: 1-1-1
[21:01:19]  * subtitle track 1, Unknown [SRT] (track 0, id 0xff000000, Text) -> Passthrough, offset: 0, charset: UTF-8
[21:01:19]  * audio track 1
[21:01:19]    + decoder: 日本語 (FLAC) (2.0 ch) (track 1, id 0x1)
[21:01:19]      + samplerate: 48000 Hz
[21:01:19]    + mixdown: Stereo
[21:01:19]    + dither: triangular
[21:01:19]    + encoder: AAC (libavcodec)
[21:01:19]      + bitrate: 160 kbps, samplerate: 48000 Hz
[21:01:19] sync: expecting 36946 video frames
[21:01:19] encx264: min-keyint: 24, keyint: 240
[21:01:19] encx264: encoding at constant RF 20.000000
[21:01:19] encx264: unparsed options: level=3.1:ref=2:8x8dct=0:weightp=1:subme=6:vbv-bufsize=14000:vbv-maxrate=14000:rc-lookahead=30
x264 [info]: using SAR=32/27
x264 [info]: using cpu capabilities: MMX2 SSE2Fast SSSE3 SSE4.2 AVX FMA3 BMI2 AVX2
x264 [info]: profile Main, level 3.1
[21:01:19] sync: first pts video is 0
[21:01:19] sync: Chapter 1 at frame 1 time 0
[21:01:19] sync: first pts subtitle 0xff000000 is 0
[21:01:19] sync: subtitle 0xff000000 duration <= 0, PTS 0
[21:01:20] sync: first pts audio 0x1 is 0
[21:33:15] reader: done. 1 scr changes
[21:33:20] work: average encoding speed for job is 19.245008 fps
[21:33:20] comb detect: heavy 858 | light 5766 | uncombed 30322 | total 36946
[21:33:20] decomb: deinterlaced 858 | blended 5766 | unfiltered 30322 | total 36946
[21:33:20] vfr: 36946 frames output, 0 dropped and 0 duped for CFR/PFR
[21:33:20] vfr: lost time: 0 (0 frames)
[21:33:20] vfr: gained time: 0 (0 frames) (0 not accounted for)
[21:33:20] flac-decoder done: 16052 frames, 0 decoder errors
[21:33:20] h264-decoder done: 36946 frames, 0 decoder errors
[21:33:20] sync: got 36946 frames, 36946 expected
[21:33:20] sync: framerate min 23.976 fps, max 23.976 fps, avg 23.976 fps
x264 [info]: frame I:660   Avg QP:17.78  size: 44483
x264 [info]: frame P:10778 Avg QP:19.99  size:  9300
x264 [info]: frame B:25508 Avg QP:22.27  size:  2191
x264 [info]: consecutive B-frames:  5.6%  4.9%  6.0% 83.5%
x264 [info]: mb I  I16..4: 14.5%  0.0% 85.5%
x264 [info]: mb P  I16..4:  3.1%  0.0% 11.3%  P16..4: 25.0% 12.7%  8.2%  0.0%  0.0%    skip:39.7%
x264 [info]: mb B  I16..4:  1.8%  0.0%  2.2%  B16..8: 13.9%  5.2%  0.8%  direct: 5.6%  skip:70.6%  L0:44.9% L1:44.1% BI:11.0%
x264 [info]: coded y,uvDC,uvAC intra: 70.5% 62.5% 32.6% inter: 10.6% 10.9% 1.1%
x264 [info]: i16 v,h,dc,p: 31% 20% 16% 33%
x264 [info]: i4 v,h,dc,ddl,ddr,vr,hd,vl,hu: 26% 16% 16%  7%  8%  8%  6%  7%  5%
x264 [info]: i8c dc,h,v,p: 58% 17% 19%  7%
x264 [info]: Weighted P-Frames: Y:6.2% UV:3.2%
x264 [info]: ref P L0: 73.7% 26.3%
x264 [info]: ref B L0: 82.6% 17.4%
x264 [info]: ref B L1: 93.3%  6.7%
x264 [info]: kb/s:962.89
[21:33:20] mux: track 0, 36946 frames, 185452940 bytes, 962.77 kbps, fifo 4096
[21:33:20] mux: track 1, 72233 frames, 30830455 bytes, 160.05 kbps, fifo 8192
[21:33:20] mux: track 2, 0 frames, 0 bytes, 0.00 kbps, fifo 8
[21:33:20] Finished work at: Sun May 24 21:33:20 2020

[21:33:20] libhb: work result = 0
